mode: set
github.com/Mithweth/git-tools/internal/github/github.go:17.89,29.2 3 0
github.com/Mithweth/git-tools/internal/github/github.go:31.125,45.16 4 0
github.com/Mithweth/git-tools/internal/github/github.go:45.16,47.3 1 0
github.com/Mithweth/git-tools/internal/github/github.go:48.2,48.19 1 0
github.com/Mithweth/git-tools/internal/github/github.go:48.19,50.3 1 0
github.com/Mithweth/git-tools/internal/github/github.go:52.2,65.16 3 0
github.com/Mithweth/git-tools/internal/github/github.go:65.16,67.3 1 0
github.com/Mithweth/git-tools/internal/github/github.go:69.2,69.29 1 0
github.com/Mithweth/git-tools/internal/github/github.go:72.114,78.18 4 0
github.com/Mithweth/git-tools/internal/github/github.go:78.18,80.3 1 0
github.com/Mithweth/git-tools/internal/github/github.go:82.2,88.16 2 0
github.com/Mithweth/git-tools/internal/github/github.go:88.16,90.3 1 0
github.com/Mithweth/git-tools/internal/github/github.go:92.2,92.21 1 0
github.com/Mithweth/git-tools/internal/git/git.go:10.41,12.16 2 0
github.com/Mithweth/git-tools/internal/git/git.go:12.16,14.3 1 0
github.com/Mithweth/git-tools/internal/git/git.go:15.2,16.16 2 0
github.com/Mithweth/git-tools/internal/git/git.go:16.16,18.3 1 0
github.com/Mithweth/git-tools/internal/git/git.go:19.2,21.51 2 0
github.com/Mithweth/git-tools/internal/git/git.go:24.41,26.16 2 0
github.com/Mithweth/git-tools/internal/git/git.go:26.16,28.3 1 0
github.com/Mithweth/git-tools/internal/git/git.go:30.2,31.16 2 0
github.com/Mithweth/git-tools/internal/git/git.go:31.16,33.3 1 0
github.com/Mithweth/git-tools/internal/git/git.go:35.2,35.29 1 0
github.com/Mithweth/git-tools/internal/git/git.go:35.29,37.3 1 0
github.com/Mithweth/git-tools/internal/git/git.go:39.2,41.51 2 0
github.com/Mithweth/git-tools/internal/git/git.go:44.50,46.16 2 0
github.com/Mithweth/git-tools/internal/git/git.go:46.16,48.3 1 0
github.com/Mithweth/git-tools/internal/git/git.go:50.2,51.16 2 0
github.com/Mithweth/git-tools/internal/git/git.go:51.16,53.3 1 0
github.com/Mithweth/git-tools/internal/git/git.go:55.2,58.47 3 0
github.com/Mithweth/git-tools/internal/git/git.go:58.47,60.3 1 0
github.com/Mithweth/git-tools/internal/git/git.go:60.8,60.58 1 0
github.com/Mithweth/git-tools/internal/git/git.go:60.58,62.3 1 0
github.com/Mithweth/git-tools/internal/git/git.go:62.8,64.3 1 0
github.com/Mithweth/git-tools/internal/git/git.go:66.2,67.21 2 0
github.com/Mithweth/git-tools/internal/git/git.go:67.21,69.3 1 0
github.com/Mithweth/git-tools/internal/git/git.go:71.2,71.32 1 0
github.com/Mithweth/git-tools/internal/git/git.go:74.45,76.16 2 0
github.com/Mithweth/git-tools/internal/git/git.go:76.16,78.3 1 0
github.com/Mithweth/git-tools/internal/git/git.go:80.2,81.16 2 0
github.com/Mithweth/git-tools/internal/git/git.go:81.16,83.3 1 0
github.com/Mithweth/git-tools/internal/git/git.go:85.2,86.16 2 0
github.com/Mithweth/git-tools/internal/git/git.go:86.16,88.3 1 0
github.com/Mithweth/git-tools/internal/git/git.go:90.2,90.56 1 0
github.com/Mithweth/git-tools/internal/git/git.go:93.76,95.16 2 0
github.com/Mithweth/git-tools/internal/git/git.go:95.16,97.3 1 0
github.com/Mithweth/git-tools/internal/git/git.go:98.2,99.16 2 0
github.com/Mithweth/git-tools/internal/git/git.go:99.16,101.3 1 0
github.com/Mithweth/git-tools/internal/git/git.go:103.2,106.16 3 0
github.com/Mithweth/git-tools/internal/git/git.go:106.16,108.3 1 0
github.com/Mithweth/git-tools/internal/git/git.go:110.2,111.16 2 0
github.com/Mithweth/git-tools/internal/git/git.go:111.16,113.3 1 0
github.com/Mithweth/git-tools/internal/git/git.go:115.2,117.6 2 0
github.com/Mithweth/git-tools/internal/git/git.go:117.6,118.30 1 0
github.com/Mithweth/git-tools/internal/git/git.go:118.30,119.9 1 0
github.com/Mithweth/git-tools/internal/git/git.go:122.3,124.31 2 0
github.com/Mithweth/git-tools/internal/git/git.go:124.31,126.4 1 0
github.com/Mithweth/git-tools/internal/git/git.go:128.3,129.17 2 0
github.com/Mithweth/git-tools/internal/git/git.go:129.17,131.4 1 0
github.com/Mithweth/git-tools/internal/git/git.go:134.2,134.21 1 0
github.com/Mithweth/git-tools/cmd/git-create-pr/main.go:11.13,15.17 4 0
github.com/Mithweth/git-tools/cmd/git-create-pr/main.go:15.17,18.3 2 0
github.com/Mithweth/git-tools/cmd/git-create-pr/main.go:19.2,21.22 3 0
github.com/Mithweth/git-tools/cmd/git-create-pr/main.go:21.22,23.17 2 0
github.com/Mithweth/git-tools/cmd/git-create-pr/main.go:23.17,26.4 2 0
github.com/Mithweth/git-tools/cmd/git-create-pr/main.go:28.2,29.22 2 0
github.com/Mithweth/git-tools/cmd/git-create-pr/main.go:29.22,31.17 2 0
github.com/Mithweth/git-tools/cmd/git-create-pr/main.go:31.17,34.4 2 0
github.com/Mithweth/git-tools/cmd/git-create-pr/main.go:36.2,37.19 2 0
github.com/Mithweth/git-tools/cmd/git-create-pr/main.go:37.19,39.17 2 0
github.com/Mithweth/git-tools/cmd/git-create-pr/main.go:39.17,42.4 2 0
github.com/Mithweth/git-tools/cmd/git-create-pr/main.go:44.2,45.16 2 0
github.com/Mithweth/git-tools/cmd/git-create-pr/main.go:45.16,48.3 2 0
github.com/Mithweth/git-tools/cmd/git-create-pr/main.go:49.2,51.16 3 0
github.com/Mithweth/git-tools/cmd/git-create-pr/main.go:51.16,54.3 2 0
github.com/Mithweth/git-tools/cmd/git-create-pr/main.go:55.2,56.12 2 0
